#! /usr/bin/vvp
:ivl_version "12.0 (stable)";
:ivl_delay_selection "TYPICAL";
:vpi_time_precision - 12;
:vpi_module "/usr/lib/x86_64-linux-gnu/ivl/system.vpi";
:vpi_module "/usr/lib/x86_64-linux-gnu/ivl/vhdl_sys.vpi";
:vpi_module "/usr/lib/x86_64-linux-gnu/ivl/vhdl_textio.vpi";
:vpi_module "/usr/lib/x86_64-linux-gnu/ivl/v2005_math.vpi";
:vpi_module "/usr/lib/x86_64-linux-gnu/ivl/va_math.vpi";
S_0x5c908ed17c00 .scope module, "bound_flasher_tb" "bound_flasher_tb" 2 10;
 .timescale -9 -12;
v0x5c908ed52d20_0 .var "clk", 0 0;
v0x5c908ed52de0_0 .var/i "cyc", 31 0;
v0x5c908ed52ea0_0 .var "flick", 0 0;
v0x5c908ed52f70_0 .net "lamp", 15 0, v0x5c908ed2f6f0_0;  1 drivers
v0x5c908ed53040_0 .var "rst_n", 0 0;
S_0x5c908eccb490 .scope module, "bound_flasher_01" "bound_flasher" 2 19, 3 10 0, S_0x5c908ed17c00;
 .timescale 0 0;
    .port_info 0 /INPUT 1 "clk";
    .port_info 1 /INPUT 1 "rst_n";
    .port_info 2 /INPUT 1 "flick";
    .port_info 3 /OUTPUT 16 "lamp";
P_0x5c908ed2dc60 .param/l "IDLE" 0 3 18, C4<0000>;
P_0x5c908ed2dca0 .param/l "KB1_OFF" 0 3 22, C4<0100>;
P_0x5c908ed2dce0 .param/l "KB1_ON" 0 3 23, C4<0101>;
P_0x5c908ed2dd20 .param/l "KB2_OFF" 0 3 26, C4<1000>;
P_0x5c908ed2dd60 .param/l "KB2_ON" 0 3 27, C4<1001>;
P_0x5c908ed2dda0 .param/l "LVL_0" 0 3 32, C4<00000>;
P_0x5c908ed2dde0 .param/l "LVL_10" 0 3 34, C4<01011>;
P_0x5c908ed2de20 .param/l "LVL_15" 0 3 35, C4<10000>;
P_0x5c908ed2de60 .param/l "LVL_5" 0 3 33, C4<00110>;
P_0x5c908ed2dea0 .param/l "OFF_10_5" 0 3 24, C4<0110>;
P_0x5c908ed2dee0 .param/l "OFF_15_0" 0 3 28, C4<1010>;
P_0x5c908ed2df20 .param/l "OFF_5_0" 0 3 20, C4<0010>;
P_0x5c908ed2df60 .param/l "ON_0_10" 0 3 21, C4<0011>;
P_0x5c908ed2dfa0 .param/l "ON_0_5" 0 3 19, C4<0001>;
P_0x5c908ed2dfe0 .param/l "ON_5_15" 0 3 25, C4<0111>;
v0x5c908ed2e640_0 .net "clk", 0 0, v0x5c908ed52d20_0;  1 drivers
v0x5c908ed2f2f0_0 .net "flick", 0 0, v0x5c908ed52ea0_0;  1 drivers
v0x5c908ed2f6f0_0 .var "lamp", 15 0;
v0x5c908ed300e0_0 .var "level", 4 0;
v0x5c908ed31230_0 .var "next_level", 4 0;
v0x5c908ecf4280_0 .var "next_state", 3 0;
v0x5c908ecf4670_0 .net "rst_n", 0 0, v0x5c908ed53040_0;  1 drivers
v0x5c908ed52540_0 .var "state", 3 0;
E_0x5c908ed06300 .event anyedge, v0x5c908ed300e0_0, v0x5c908ed52540_0;
E_0x5c908eccbb40 .event anyedge, v0x5c908ed2f2f0_0, v0x5c908ed300e0_0, v0x5c908ed52540_0;
E_0x5c908ed05c20/0 .event negedge, v0x5c908ecf4670_0;
E_0x5c908ed05c20/1 .event posedge, v0x5c908ed2e640_0;
E_0x5c908ed05c20 .event/or E_0x5c908ed05c20/0, E_0x5c908ed05c20/1;
S_0x5c908ed526a0 .scope function.vec4.s5, "count_lamps" "count_lamps" 2 30, 2 30 0, S_0x5c908ed17c00;
 .timescale -9 -12;
; Variable count_lamps is vec4 return value of scope S_0x5c908ed526a0
v0x5c908ed52980_0 .var/i "i", 31 0;
v0x5c908ed52a60_0 .var "lmp", 15 0;
TD_bound_flasher_tb.count_lamps ;
    %pushi/vec4 0, 0, 5;
    %ret/vec4 0, 0, 5;  Assign to count_lamps (store_vec4_to_lval)
    %pushi/vec4 0, 0, 32;
    %store/vec4 v0x5c908ed52980_0, 0, 32;
T_0.0 ;
    %load/vec4 v0x5c908ed52980_0;
    %cmpi/s 16, 0, 32;
    %jmp/0xz T_0.1, 5;
    %load/vec4 v0x5c908ed52a60_0;
    %load/vec4 v0x5c908ed52980_0;
    %part/s 1;
    %flag_set/vec4 8;
    %jmp/0xz  T_0.2, 8;
    %retload/vec4 0; Load count_lamps (draw_signal_vec4)
    %addi 1, 0, 5;
    %ret/vec4 0, 0, 5;  Assign to count_lamps (store_vec4_to_lval)
T_0.2 ;
    %load/vec4 v0x5c908ed52980_0;
    %addi 1, 0, 32;
    %store/vec4 v0x5c908ed52980_0, 0, 32;
    %jmp T_0.0;
T_0.1 ;
    %end;
S_0x5c908ed52b20 .scope task, "do_reset" "do_reset" 2 44, 2 44 0, S_0x5c908ed17c00;
 .timescale -9 -12;
E_0x5c908ecef1d0 .event posedge, v0x5c908ed2e640_0;
TD_bound_flasher_tb.do_reset ;
    %pushi/vec4 0, 0, 1;
    %store/vec4 v0x5c908ed53040_0, 0, 1;
    %pushi/vec4 0, 0, 1;
    %store/vec4 v0x5c908ed52ea0_0, 0, 1;
    %wait E_0x5c908ecef1d0;
    %delay 1000, 0;
    %wait E_0x5c908ecef1d0;
    %delay 1000, 0;
    %pushi/vec4 1, 0, 1;
    %store/vec4 v0x5c908ed53040_0, 0, 1;
    %wait E_0x5c908ecef1d0;
    %delay 1000, 0;
    %end;
    .scope S_0x5c908eccb490;
T_2 ;
    %wait E_0x5c908ed05c20;
    %load/vec4 v0x5c908ecf4670_0;
    %nor/r;
    %flag_set/vec4 8;
    %jmp/0xz  T_2.0, 8;
    %pushi/vec4 0, 0, 4;
    %assign/vec4 v0x5c908ed52540_0, 0;
    %pushi/vec4 0, 0, 5;
    %assign/vec4 v0x5c908ed300e0_0, 0;
    %jmp T_2.1;
T_2.0 ;
    %load/vec4 v0x5c908ecf4280_0;
    %assign/vec4 v0x5c908ed52540_0, 0;
    %load/vec4 v0x5c908ed31230_0;
    %assign/vec4 v0x5c908ed300e0_0, 0;
T_2.1 ;
    %jmp T_2;
    .thread T_2;
    .scope S_0x5c908eccb490;
T_3 ;
    %wait E_0x5c908eccbb40;
    %load/vec4 v0x5c908ed52540_0;
    %store/vec4 v0x5c908ecf4280_0, 0, 4;
    %load/vec4 v0x5c908ed300e0_0;
    %store/vec4 v0x5c908ed31230_0, 0, 5;
    %load/vec4 v0x5c908ed52540_0;
    %dup/vec4;
    %pushi/vec4 0, 0, 4;
    %cmp/u;
    %jmp/1 T_3.0, 6;
    %dup/vec4;
    %pushi/vec4 1, 0, 4;
    %cmp/u;
    %jmp/1 T_3.1, 6;
    %dup/vec4;
    %pushi/vec4 2, 0, 4;
    %cmp/u;
    %jmp/1 T_3.2, 6;
    %dup/vec4;
    %pushi/vec4 3, 0, 4;
    %cmp/u;
    %jmp/1 T_3.3, 6;
    %dup/vec4;
    %pushi/vec4 4, 0, 4;
    %cmp/u;
    %jmp/1 T_3.4, 6;
    %dup/vec4;
    %pushi/vec4 5, 0, 4;
    %cmp/u;
    %jmp/1 T_3.5, 6;
    %dup/vec4;
    %pushi/vec4 6, 0, 4;
    %cmp/u;
    %jmp/1 T_3.6, 6;
    %dup/vec4;
    %pushi/vec4 7, 0, 4;
    %cmp/u;
    %jmp/1 T_3.7, 6;
    %dup/vec4;
    %pushi/vec4 8, 0, 4;
    %cmp/u;
    %jmp/1 T_3.8, 6;
    %dup/vec4;
    %pushi/vec4 9, 0, 4;
    %cmp/u;
    %jmp/1 T_3.9, 6;
    %dup/vec4;
    %pushi/vec4 10, 0, 4;
    %cmp/u;
    %jmp/1 T_3.10, 6;
    %pushi/vec4 0, 0, 4;
    %store/vec4 v0x5c908ecf4280_0, 0, 4;
    %pushi/vec4 0, 0, 5;
    %store/vec4 v0x5c908ed31230_0, 0, 5;
    %jmp T_3.12;
T_3.0 ;
    %pushi/vec4 0, 0, 5;
    %store/vec4 v0x5c908ed31230_0, 0, 5;
    %load/vec4 v0x5c908ed2f2f0_0;
    %flag_set/vec4 8;
    %jmp/0xz  T_3.13, 8;
    %pushi/vec4 1, 0, 4;
    %store/vec4 v0x5c908ecf4280_0, 0, 4;
    %pushi/vec4 1, 0, 5;
    %store/vec4 v0x5c908ed31230_0, 0, 5;
T_3.13 ;
    %jmp T_3.12;
T_3.1 ;
    %load/vec4 v0x5c908ed300e0_0;
    %cmpi/e 6, 0, 5;
    %jmp/0xz  T_3.15, 4;
    %pushi/vec4 2, 0, 4;
    %store/vec4 v0x5c908ecf4280_0, 0, 4;
    %pushi/vec4 5, 0, 5;
    %store/vec4 v0x5c908ed31230_0, 0, 5;
    %jmp T_3.16;
T_3.15 ;
    %load/vec4 v0x5c908ed300e0_0;
    %addi 1, 0, 5;
    %store/vec4 v0x5c908ed31230_0, 0, 5;
T_3.16 ;
    %jmp T_3.12;
T_3.2 ;
    %load/vec4 v0x5c908ed300e0_0;
    %cmpi/e 0, 0, 5;
    %jmp/0xz  T_3.17, 4;
    %pushi/vec4 3, 0, 4;
    %store/vec4 v0x5c908ecf4280_0, 0, 4;
    %pushi/vec4 1, 0, 5;
    %store/vec4 v0x5c908ed31230_0, 0, 5;
    %jmp T_3.18;
T_3.17 ;
    %load/vec4 v0x5c908ed300e0_0;
    %subi 1, 0, 5;
    %store/vec4 v0x5c908ed31230_0, 0, 5;
T_3.18 ;
    %jmp T_3.12;
T_3.3 ;
    %load/vec4 v0x5c908ed300e0_0;
    %cmpi/e 11, 0, 5;
    %jmp/0xz  T_3.19, 4;
    %pushi/vec4 6, 0, 4;
    %store/vec4 v0x5c908ecf4280_0, 0, 4;
    %pushi/vec4 10, 0, 5;
    %store/vec4 v0x5c908ed31230_0, 0, 5;
    %jmp T_3.20;
T_3.19 ;
    %load/vec4 v0x5c908ed300e0_0;
    %cmpi/e 6, 0, 5;
    %flag_get/vec4 4;
    %jmp/0 T_3.23, 4;
    %load/vec4 v0x5c908ed2f2f0_0;
    %and;
T_3.23;
    %flag_set/vec4 8;
    %jmp/0xz  T_3.21, 8;
    %pushi/vec4 4, 0, 4;
    %store/vec4 v0x5c908ecf4280_0, 0, 4;
    %pushi/vec4 5, 0, 5;
    %store/vec4 v0x5c908ed31230_0, 0, 5;
    %jmp T_3.22;
T_3.21 ;
    %load/vec4 v0x5c908ed300e0_0;
    %addi 1, 0, 5;
    %store/vec4 v0x5c908ed31230_0, 0, 5;
T_3.22 ;
T_3.20 ;
    %jmp T_3.12;
T_3.4 ;
    %load/vec4 v0x5c908ed300e0_0;
    %cmpi/e 0, 0, 5;
    %jmp/0xz  T_3.24, 4;
    %pushi/vec4 5, 0, 4;
    %store/vec4 v0x5c908ecf4280_0, 0, 4;
    %pushi/vec4 1, 0, 5;
    %store/vec4 v0x5c908ed31230_0, 0, 5;
    %jmp T_3.25;
T_3.24 ;
    %load/vec4 v0x5c908ed300e0_0;
    %subi 1, 0, 5;
    %store/vec4 v0x5c908ed31230_0, 0, 5;
T_3.25 ;
    %jmp T_3.12;
T_3.5 ;
    %load/vec4 v0x5c908ed300e0_0;
    %cmpi/e 11, 0, 5;
    %jmp/0xz  T_3.26, 4;
    %pushi/vec4 6, 0, 4;
    %store/vec4 v0x5c908ecf4280_0, 0, 4;
    %pushi/vec4 10, 0, 5;
    %store/vec4 v0x5c908ed31230_0, 0, 5;
    %jmp T_3.27;
T_3.26 ;
    %load/vec4 v0x5c908ed300e0_0;
    %addi 1, 0, 5;
    %store/vec4 v0x5c908ed31230_0, 0, 5;
T_3.27 ;
    %jmp T_3.12;
T_3.6 ;
    %load/vec4 v0x5c908ed300e0_0;
    %cmpi/e 6, 0, 5;
    %jmp/0xz  T_3.28, 4;
    %pushi/vec4 7, 0, 4;
    %store/vec4 v0x5c908ecf4280_0, 0, 4;
    %pushi/vec4 7, 0, 5;
    %store/vec4 v0x5c908ed31230_0, 0, 5;
    %jmp T_3.29;
T_3.28 ;
    %load/vec4 v0x5c908ed300e0_0;
    %subi 1, 0, 5;
    %store/vec4 v0x5c908ed31230_0, 0, 5;
T_3.29 ;
    %jmp T_3.12;
T_3.7 ;
    %load/vec4 v0x5c908ed300e0_0;
    %cmpi/e 16, 0, 5;
    %jmp/0xz  T_3.30, 4;
    %pushi/vec4 10, 0, 4;
    %store/vec4 v0x5c908ecf4280_0, 0, 4;
    %pushi/vec4 15, 0, 5;
    %store/vec4 v0x5c908ed31230_0, 0, 5;
    %jmp T_3.31;
T_3.30 ;
    %load/vec4 v0x5c908ed300e0_0;
    %cmpi/e 11, 0, 5;
    %flag_get/vec4 4;
    %jmp/0 T_3.34, 4;
    %load/vec4 v0x5c908ed2f2f0_0;
    %and;
T_3.34;
    %flag_set/vec4 8;
    %jmp/0xz  T_3.32, 8;
    %pushi/vec4 8, 0, 4;
    %store/vec4 v0x5c908ecf4280_0, 0, 4;
    %pushi/vec4 10, 0, 5;
    %store/vec4 v0x5c908ed31230_0, 0, 5;
    %jmp T_3.33;
T_3.32 ;
    %load/vec4 v0x5c908ed300e0_0;
    %addi 1, 0, 5;
    %store/vec4 v0x5c908ed31230_0, 0, 5;
T_3.33 ;
T_3.31 ;
    %jmp T_3.12;
T_3.8 ;
    %load/vec4 v0x5c908ed300e0_0;
    %cmpi/e 6, 0, 5;
    %jmp/0xz  T_3.35, 4;
    %pushi/vec4 9, 0, 4;
    %store/vec4 v0x5c908ecf4280_0, 0, 4;
    %pushi/vec4 7, 0, 5;
    %store/vec4 v0x5c908ed31230_0, 0, 5;
    %jmp T_3.36;
T_3.35 ;
    %load/vec4 v0x5c908ed300e0_0;
    %subi 1, 0, 5;
    %store/vec4 v0x5c908ed31230_0, 0, 5;
T_3.36 ;
    %jmp T_3.12;
T_3.9 ;
    %load/vec4 v0x5c908ed300e0_0;
    %cmpi/e 16, 0, 5;
    %jmp/0xz  T_3.37, 4;
    %pushi/vec4 10, 0, 4;
    %store/vec4 v0x5c908ecf4280_0, 0, 4;
    %pushi/vec4 15, 0, 5;
    %store/vec4 v0x5c908ed31230_0, 0, 5;
    %jmp T_3.38;
T_3.37 ;
    %load/vec4 v0x5c908ed300e0_0;
    %addi 1, 0, 5;
    %store/vec4 v0x5c908ed31230_0, 0, 5;
T_3.38 ;
    %jmp T_3.12;
T_3.10 ;
    %load/vec4 v0x5c908ed300e0_0;
    %cmpi/e 0, 0, 5;
    %jmp/0xz  T_3.39, 4;
    %pushi/vec4 0, 0, 4;
    %store/vec4 v0x5c908ecf4280_0, 0, 4;
    %pushi/vec4 0, 0, 5;
    %store/vec4 v0x5c908ed31230_0, 0, 5;
    %jmp T_3.40;
T_3.39 ;
    %load/vec4 v0x5c908ed300e0_0;
    %subi 1, 0, 5;
    %store/vec4 v0x5c908ed31230_0, 0, 5;
T_3.40 ;
    %jmp T_3.12;
T_3.12 ;
    %pop/vec4 1;
    %jmp T_3;
    .thread T_3, $push;
    .scope S_0x5c908eccb490;
T_4 ;
    %wait E_0x5c908ed06300;
    %load/vec4 v0x5c908ed52540_0;
    %cmpi/e 0, 0, 4;
    %jmp/0xz  T_4.0, 4;
    %pushi/vec4 0, 0, 16;
    %store/vec4 v0x5c908ed2f6f0_0, 0, 16;
    %jmp T_4.1;
T_4.0 ;
    %pushi/vec4 1, 0, 16;
    %ix/getv 4, v0x5c908ed300e0_0;
    %shiftl 4;
    %subi 1, 0, 16;
    %store/vec4 v0x5c908ed2f6f0_0, 0, 16;
T_4.1 ;
    %jmp T_4;
    .thread T_4, $push;
    .scope S_0x5c908ed17c00;
T_5 ;
    %delay 5000, 0;
    %load/vec4 v0x5c908ed52d20_0;
    %inv;
    %store/vec4 v0x5c908ed52d20_0, 0, 1;
    %jmp T_5;
    .thread T_5;
    .scope S_0x5c908ed17c00;
T_6 ;
    %pushi/vec4 0, 0, 1;
    %store/vec4 v0x5c908ed52d20_0, 0, 1;
    %pushi/vec4 0, 0, 1;
    %store/vec4 v0x5c908ed53040_0, 0, 1;
    %pushi/vec4 0, 0, 1;
    %store/vec4 v0x5c908ed52ea0_0, 0, 1;
    %fork TD_bound_flasher_tb.do_reset, S_0x5c908ed52b20;
    %join;
    %vpi_call 2 68 "$display", "=== TEST 1: Normal sequence (no kickback) ===" {0 0 0};
    %pushi/vec4 1, 0, 1;
    %store/vec4 v0x5c908ed52ea0_0, 0, 1;
    %wait E_0x5c908ecef1d0;
    %delay 1000, 0;
    %pushi/vec4 0, 0, 1;
    %store/vec4 v0x5c908ed52ea0_0, 0, 1;
    %pushi/vec4 0, 0, 32;
    %store/vec4 v0x5c908ed52de0_0, 0, 32;
T_6.0 ;
    %load/vec4 v0x5c908ed52de0_0;
    %cmpi/s 60, 0, 32;
    %jmp/0xz T_6.1, 5;
    %load/vec4 v0x5c908ed52f70_0;
    %store/vec4 v0x5c908ed52a60_0, 0, 16;
    %callf/vec4 TD_bound_flasher_tb.count_lamps, S_0x5c908ed526a0;
    %vpi_call 2 74 "$display", "  cyc=%0d  level=%0d  lamp=%b", v0x5c908ed52de0_0, S<0,vec4,u5>, v0x5c908ed52f70_0 {1 0 0};
    %wait E_0x5c908ecef1d0;
    %delay 1000, 0;
    %load/vec4 v0x5c908ed52de0_0;
    %addi 1, 0, 32;
    %store/vec4 v0x5c908ed52de0_0, 0, 32;
    %jmp T_6.0;
T_6.1 ;
    %load/vec4 v0x5c908ed52f70_0;
    %cmpi/e 0, 0, 16;
    %jmp/0xz  T_6.2, 6;
    %vpi_call 2 79 "$display", "  PASS: Machine returned to IDLE (lamp=0)" {0 0 0};
    %jmp T_6.3;
T_6.2 ;
    %load/vec4 v0x5c908ed52f70_0;
    %store/vec4 v0x5c908ed52a60_0, 0, 16;
    %callf/vec4 TD_bound_flasher_tb.count_lamps, S_0x5c908ed526a0;
    %vpi_call 2 81 "$display", "  FAIL: Expected IDLE, got %b (level=%0d)", v0x5c908ed52f70_0, S<0,vec4,u5> {1 0 0};
T_6.3 ;
    %vpi_call 2 83 "$display", "--- Test 1 done ---" {0 0 0};
    %vpi_call 2 90 "$display", "=== TEST 2: Both kickbacks (flick=1, drop before IDLE) ===" {0 0 0};
    %fork TD_bound_flasher_tb.do_reset, S_0x5c908ed52b20;
    %join;
    %pushi/vec4 1, 0, 1;
    %store/vec4 v0x5c908ed52ea0_0, 0, 1;
    %wait E_0x5c908ecef1d0;
    %delay 1000, 0;
    %pushi/vec4 0, 0, 32;
    %store/vec4 v0x5c908ed52de0_0, 0, 32;
T_6.4 ;
    %load/vec4 v0x5c908ed52de0_0;
    %cmpi/s 60, 0, 32;
    %jmp/0xz T_6.5, 5;
    %load/vec4 v0x5c908ed52f70_0;
    %store/vec4 v0x5c908ed52a60_0, 0, 16;
    %callf/vec4 TD_bound_flasher_tb.count_lamps, S_0x5c908ed526a0;
    %vpi_call 2 96 "$display", "  cyc=%0d  level=%0d  lamp=%b", v0x5c908ed52de0_0, S<0,vec4,u5>, v0x5c908ed52f70_0 {1 0 0};
    %wait E_0x5c908ecef1d0;
    %delay 1000, 0;
    %load/vec4 v0x5c908ed52de0_0;
    %addi 1, 0, 32;
    %store/vec4 v0x5c908ed52de0_0, 0, 32;
    %jmp T_6.4;
T_6.5 ;
    %pushi/vec4 0, 0, 1;
    %store/vec4 v0x5c908ed52ea0_0, 0, 1;
    %pushi/vec4 60, 0, 32;
    %store/vec4 v0x5c908ed52de0_0, 0, 32;
T_6.6 ;
    %load/vec4 v0x5c908ed52de0_0;
    %cmpi/s 90, 0, 32;
    %jmp/0xz T_6.7, 5;
    %load/vec4 v0x5c908ed52f70_0;
    %store/vec4 v0x5c908ed52a60_0, 0, 16;
    %callf/vec4 TD_bound_flasher_tb.count_lamps, S_0x5c908ed526a0;
    %vpi_call 2 103 "$display", "  cyc=%0d  level=%0d  lamp=%b", v0x5c908ed52de0_0, S<0,vec4,u5>, v0x5c908ed52f70_0 {1 0 0};
    %wait E_0x5c908ecef1d0;
    %delay 1000, 0;
    %load/vec4 v0x5c908ed52de0_0;
    %addi 1, 0, 32;
    %store/vec4 v0x5c908ed52de0_0, 0, 32;
    %jmp T_6.6;
T_6.7 ;
    %load/vec4 v0x5c908ed52f70_0;
    %cmpi/e 0, 0, 16;
    %jmp/0xz  T_6.8, 6;
    %vpi_call 2 108 "$display", "  PASS: Machine returned to IDLE after kickback sequence" {0 0 0};
    %jmp T_6.9;
T_6.8 ;
    %load/vec4 v0x5c908ed52f70_0;
    %store/vec4 v0x5c908ed52a60_0, 0, 16;
    %callf/vec4 TD_bound_flasher_tb.count_lamps, S_0x5c908ed526a0;
    %vpi_call 2 110 "$display", "  FAIL: Expected IDLE, got level=%0d", S<0,vec4,u5> {1 0 0};
T_6.9 ;
    %vpi_call 2 112 "$display", "--- Test 2 done ---" {0 0 0};
    %vpi_call 2 117 "$display", "=== TEST 3: IDLE with flick=0, lamps must be OFF ===" {0 0 0};
    %fork TD_bound_flasher_tb.do_reset, S_0x5c908ed52b20;
    %join;
    %pushi/vec4 0, 0, 1;
    %store/vec4 v0x5c908ed52ea0_0, 0, 1;
    %pushi/vec4 5, 0, 32;
T_6.10 %dup/vec4;
    %pushi/vec4 0, 0, 32;
    %cmp/s;
    %jmp/1xz T_6.11, 5;
    %jmp/1 T_6.11, 4;
    %pushi/vec4 1, 0, 32;
    %sub;
    %wait E_0x5c908ecef1d0;
    %delay 1000, 0;
    %load/vec4 v0x5c908ed52f70_0;
    %cmpi/ne 0, 0, 16;
    %jmp/0xz  T_6.12, 6;
    %vpi_call 2 123 "$display", "  FAIL: lamp should be 0 in IDLE, got %b", v0x5c908ed52f70_0 {0 0 0};
T_6.12 ;
    %jmp T_6.10;
T_6.11 ;
    %pop/vec4 1;
    %vpi_call 2 126 "$display", "  PASS: All lamps OFF in IDLE with flick=0" {0 0 0};
    %vpi_call 2 127 "$display", "--- Test 3 done ---" {0 0 0};
    %vpi_call 2 133 "$display", "=== TEST 4: Step 1 peak = 16'h003F (lamp[0:5] all ON) ===" {0 0 0};
    %fork TD_bound_flasher_tb.do_reset, S_0x5c908ed52b20;
    %join;
    %pushi/vec4 1, 0, 1;
    %store/vec4 v0x5c908ed52ea0_0, 0, 1;
    %wait E_0x5c908ecef1d0;
    %delay 1000, 0;
    %pushi/vec4 0, 0, 1;
    %store/vec4 v0x5c908ed52ea0_0, 0, 1;
    %load/vec4 v0x5c908ed52f70_0;
    %store/vec4 v0x5c908ed52a60_0, 0, 16;
    %callf/vec4 TD_bound_flasher_tb.count_lamps, S_0x5c908ed526a0;
    %vpi_call 2 139 "$display", "  clock 1: level=%0d (expect 1)", S<0,vec4,u5> {1 0 0};
    %pushi/vec4 4, 0, 32;
T_6.14 %dup/vec4;
    %pushi/vec4 0, 0, 32;
    %cmp/s;
    %jmp/1xz T_6.15, 5;
    %jmp/1 T_6.15, 4;
    %pushi/vec4 1, 0, 32;
    %sub;
    %wait E_0x5c908ecef1d0;
    %delay 1000, 0;
    %jmp T_6.14;
T_6.15 ;
    %pop/vec4 1;
    %load/vec4 v0x5c908ed52f70_0;
    %store/vec4 v0x5c908ed52a60_0, 0, 16;
    %callf/vec4 TD_bound_flasher_tb.count_lamps, S_0x5c908ed526a0;
    %vpi_call 2 144 "$display", "  clock 5: level=%0d (expect 5)", S<0,vec4,u5> {1 0 0};
    %wait E_0x5c908ecef1d0;
    %delay 1000, 0;
    %load/vec4 v0x5c908ed52f70_0;
    %store/vec4 v0x5c908ed52a60_0, 0, 16;
    %callf/vec4 TD_bound_flasher_tb.count_lamps, S_0x5c908ed526a0;
    %vpi_call 2 147 "$display", "  clock 6: level=%0d  lamp=16'h%04h (expect 16'h003F)", S<0,vec4,u5>, v0x5c908ed52f70_0 {1 0 0};
    %load/vec4 v0x5c908ed52f70_0;
    %cmpi/e 63, 0, 16;
    %jmp/0xz  T_6.16, 6;
    %vpi_call 2 149 "$display", "  PASS: Step 1 peak = 16'h003F" {0 0 0};
    %jmp T_6.17;
T_6.16 ;
    %vpi_call 2 151 "$display", "  FAIL: Expected 16'h003F, got 16'h%04h", v0x5c908ed52f70_0 {0 0 0};
T_6.17 ;
    %pushi/vec4 0, 0, 1;
    %store/vec4 v0x5c908ed52ea0_0, 0, 1;
    %pushi/vec4 60, 0, 32;
T_6.18 %dup/vec4;
    %pushi/vec4 0, 0, 32;
    %cmp/s;
    %jmp/1xz T_6.19, 5;
    %jmp/1 T_6.19, 4;
    %pushi/vec4 1, 0, 32;
    %sub;
    %wait E_0x5c908ecef1d0;
    %jmp T_6.18;
T_6.19 ;
    %pop/vec4 1;
    %vpi_call 2 156 "$display", "--- Test 4 done ---" {0 0 0};
    %vpi_call 2 162 "$display", "=== TEST 5: Step 4 valley = 16'h003F (lamp[0:5] remain ON) ===" {0 0 0};
    %fork TD_bound_flasher_tb.do_reset, S_0x5c908ed52b20;
    %join;
    %pushi/vec4 1, 0, 1;
    %store/vec4 v0x5c908ed52ea0_0, 0, 1;
    %wait E_0x5c908ecef1d0;
    %delay 1000, 0;
    %pushi/vec4 0, 0, 1;
    %store/vec4 v0x5c908ed52ea0_0, 0, 1;
    %pushi/vec4 26, 0, 32;
T_6.20 %dup/vec4;
    %pushi/vec4 0, 0, 32;
    %cmp/s;
    %jmp/1xz T_6.21, 5;
    %jmp/1 T_6.21, 4;
    %pushi/vec4 1, 0, 32;
    %sub;
    %wait E_0x5c908ecef1d0;
    %jmp T_6.20;
T_6.21 ;
    %pop/vec4 1;
    %wait E_0x5c908ecef1d0;
    %delay 1000, 0;
    %load/vec4 v0x5c908ed52f70_0;
    %store/vec4 v0x5c908ed52a60_0, 0, 16;
    %callf/vec4 TD_bound_flasher_tb.count_lamps, S_0x5c908ed526a0;
    %vpi_call 2 172 "$display", "  step4 valley: level=%0d  lamp=16'h%04h (expect 16'h003F)", S<0,vec4,u5>, v0x5c908ed52f70_0 {1 0 0};
    %load/vec4 v0x5c908ed52f70_0;
    %cmpi/e 63, 0, 16;
    %jmp/0xz  T_6.22, 6;
    %vpi_call 2 174 "$display", "  PASS: Step 4 valley = 16'h003F (lamp[0:5] remain ON)" {0 0 0};
    %jmp T_6.23;
T_6.22 ;
    %vpi_call 2 176 "$display", "  FAIL: Expected 16'h003F, got 16'h%04h", v0x5c908ed52f70_0 {0 0 0};
T_6.23 ;
    %pushi/vec4 40, 0, 32;
T_6.24 %dup/vec4;
    %pushi/vec4 0, 0, 32;
    %cmp/s;
    %jmp/1xz T_6.25, 5;
    %jmp/1 T_6.25, 4;
    %pushi/vec4 1, 0, 32;
    %sub;
    %wait E_0x5c908ecef1d0;
    %jmp T_6.24;
T_6.25 ;
    %pop/vec4 1;
    %vpi_call 2 179 "$display", "--- Test 5 done ---" {0 0 0};
    %vpi_call 2 181 "$display", "=== Simulation complete ===" {0 0 0};
    %vpi_call 2 182 "$finish" {0 0 0};
    %end;
    .thread T_6;
    .scope S_0x5c908ed17c00;
T_7 ;
    %vpi_call 2 187 "$dumpfile", "bound_flasher.vcd" {0 0 0};
    %vpi_call 2 188 "$dumpvars", 32'sb00000000000000000000000000000000, S_0x5c908ed17c00 {0 0 0};
    %end;
    .thread T_7;
# The file index is used to find the file name in the following table.
:file_names 4;
    "N/A";
    "<interactive>";
    "bound_flasher_tb.v";
    "bound_flasher.v";
